[ 2016-09-05T17:49:53+08:00 ] 192.168.1.121 /tk/index.php?s=/Home/Article/lists/category/default_blog.html
SQL: SHOW COLUMNS FROM `category` [ RunTime:0.001478s ]
SQL: SELECT `id`,`name`,`title`,`pid`,`sort`,`list_row`,`meta_title`,`keywords`,`description`,`template_index`,`template_lists`,`template_detail`,`template_edit`,`model`,`type`,`link_id`,`allow_publish`,`display`,`reply`,`check`,`reply_model`,`extend`,`create_time`,`update_time`,`status`,`icon` FROM `category` WHERE ( `name` = 'default_blog' ) LIMIT 1   [ RunTime:0.000506s ]
SQL: SHOW COLUMNS FROM `document` [ RunTime:0.000963s ]
SQL: SELECT `id`,`uid`,`name`,`title`,`category_id`,`description`,`root`,`pid`,`model_id`,`type`,`position`,`link_id`,`cover_id`,`display`,`deadline`,`attach`,`view`,`comment`,`extend`,`level`,`create_time`,`update_time`,`status` FROM `document` WHERE ( `status` = 1 ) AND ( `pid` = 0 ) AND ( `category_id` = 2 ) AND ( `create_time` < 1473068993 ) AND ( deadline = 0 OR deadline > 1473068993 ) ORDER BY `id` DESC LIMIT 0,10   [ RunTime:0.000440s ]
INFO: [ view_parse ] --START--
INFO: [ template_filter ] --START--
INFO: Run Behavior\ContentReplace [ RunTime:0.000226s ]
INFO: [ template_filter ] --END-- [ RunTime:0.000468s ]
SQL: SHOW COLUMNS FROM `channel` [ RunTime:0.000938s ]
SQL: SELECT `id`,`pid`,`title`,`url`,`sort`,`create_time`,`update_time`,`status`,`target` FROM `channel` WHERE ( status=1 ) ORDER BY sort  [ RunTime:0.000903s ]
SQL: SELECT `pid` FROM `category` WHERE ( `id` = 2 ) LIMIT 1   [ RunTime:0.000591s ]
SQL: SELECT `id`,`name`,`pid`,`title`,`link_id` FROM `category` WHERE ( `pid` = 1 ) AND ( `status` = 1 ) ORDER BY sort  [ RunTime:0.000646s ]
INFO: [ view_parse ] --START--
INFO: [ template_filter ] --START--
INFO: Run Behavior\ContentReplace [ RunTime:0.000203s ]
INFO: [ template_filter ] --END-- [ RunTime:-0.023709s ]
INFO: Run Behavior\ParseTemplate [ RunTime:0.010485s ]
INFO: [ view_parse ] --END-- [ RunTime:0.010729s ]
INFO: [ view_filter ] --START--
INFO: Run Behavior\WriteHtmlCache [ RunTime:0.000388s ]
INFO: [ view_filter ] --END-- [ RunTime:0.000658s ]
SQL: SHOW COLUMNS FROM `ucenter_member` [ RunTime:0.001031s ]
SQL: SELECT `id`,`username`,`email`,`mobile`,`status` FROM `ucenter_member` WHERE ( `id` = 1 ) LIMIT 1   [ RunTime:0.000504s ]
SQL: SELECT COUNT(id) AS tp_count FROM `document` WHERE ( `status` = 1 ) AND ( `pid` = 0 ) AND ( `category_id` = 2 ) AND ( `create_time` < 1473068993 ) AND ( deadline = 0 OR deadline > 1473068993 ) LIMIT 1   [ RunTime:0.000678s ]
INFO: Run Behavior\ParseTemplate [ RunTime:0.027129s ]
INFO: [ view_parse ] --END-- [ RunTime:0.010729s ]
INFO: [ view_filter ] --START--
INFO: Run Behavior\WriteHtmlCache [ RunTime:0.000046s ]
INFO: [ view_filter ] --END-- [ RunTime:-0.015952s ]
INFO: [ app_end ] --START--
INFO: Run Behavior\ShowPageTrace [ RunTime:0.000991s ]
INFO: [ app_end ] --END-- [ RunTime:0.001233s ]

[ 2016-09-05T17:49:59+08:00 ] 192.168.1.121 /tk/index.php?s=/Home/Article/lists/category/default_blog.html
SQL: SHOW COLUMNS FROM `category` [ RunTime:0.001108s ]
SQL: SELECT `id`,`name`,`title`,`pid`,`sort`,`list_row`,`meta_title`,`keywords`,`description`,`template_index`,`template_lists`,`template_detail`,`template_edit`,`model`,`type`,`link_id`,`allow_publish`,`display`,`reply`,`check`,`reply_model`,`extend`,`create_time`,`update_time`,`status`,`icon` FROM `category` WHERE ( `name` = 'default_blog' ) LIMIT 1   [ RunTime:0.000735s ]
SQL: SHOW COLUMNS FROM `document` [ RunTime:0.002313s ]
SQL: SELECT `id`,`uid`,`name`,`title`,`category_id`,`description`,`root`,`pid`,`model_id`,`type`,`position`,`link_id`,`cover_id`,`display`,`deadline`,`attach`,`view`,`comment`,`extend`,`level`,`create_time`,`update_time`,`status` FROM `document` WHERE ( `status` = 1 ) AND ( `pid` = 0 ) AND ( `category_id` = 2 ) AND ( `create_time` < 1473068999 ) AND ( deadline = 0 OR deadline > 1473068999 ) ORDER BY `id` DESC LIMIT 0,10   [ RunTime:0.000920s ]
INFO: [ view_parse ] --START--
INFO: [ template_filter ] --START--
INFO: Run Behavior\ContentReplace [ RunTime:0.000224s ]
INFO: [ template_filter ] --END-- [ RunTime:0.000463s ]
SQL: SHOW COLUMNS FROM `channel` [ RunTime:0.001277s ]
SQL: SELECT `id`,`pid`,`title`,`url`,`sort`,`create_time`,`update_time`,`status`,`target` FROM `channel` WHERE ( status=1 ) ORDER BY sort  [ RunTime:0.000822s ]
SQL: SELECT `pid` FROM `category` WHERE ( `id` = 2 ) LIMIT 1   [ RunTime:0.000528s ]
SQL: SELECT `id`,`name`,`pid`,`title`,`link_id` FROM `category` WHERE ( `pid` = 1 ) AND ( `status` = 1 ) ORDER BY sort  [ RunTime:0.000588s ]
INFO: [ view_parse ] --START--
INFO: [ template_filter ] --START--
INFO: Run Behavior\ContentReplace [ RunTime:0.000114s ]
INFO: [ template_filter ] --END-- [ RunTime:-0.026527s ]
INFO: Run Behavior\ParseTemplate [ RunTime:0.010526s ]
INFO: [ view_parse ] --END-- [ RunTime:0.010818s ]
INFO: [ view_filter ] --START--
INFO: Run Behavior\WriteHtmlCache [ RunTime:0.000693s ]
INFO: [ view_filter ] --END-- [ RunTime:0.000954s ]
SQL: SELECT COUNT(id) AS tp_count FROM `document` WHERE ( `status` = 1 ) AND ( `pid` = 0 ) AND ( `category_id` = 2 ) AND ( `create_time` < 1473068999 ) AND ( deadline = 0 OR deadline > 1473068999 ) LIMIT 1   [ RunTime:0.000526s ]
INFO: Run Behavior\ParseTemplate [ RunTime:0.015948s ]
INFO: [ view_parse ] --END-- [ RunTime:0.010818s ]
INFO: [ view_filter ] --START--
INFO: Run Behavior\WriteHtmlCache [ RunTime:0.000054s ]
INFO: [ view_filter ] --END-- [ RunTime:-0.004398s ]
INFO: [ app_end ] --START--
INFO: Run Behavior\ShowPageTrace [ RunTime:0.000919s ]
INFO: [ app_end ] --END-- [ RunTime:0.001137s ]

[ 2016-09-05T17:50:02+08:00 ] 192.168.1.121 /tk/index.php
SQL: SHOW COLUMNS FROM `category` [ RunTime:0.002017s ]
SQL: SELECT `id`,`name`,`title`,`pid`,`sort`,`list_row`,`meta_title`,`keywords`,`description`,`template_index`,`template_lists`,`template_detail`,`template_edit`,`model`,`type`,`link_id`,`allow_publish`,`display`,`reply`,`check`,`reply_model`,`extend`,`create_time`,`update_time`,`status`,`icon` FROM `category` WHERE ( `status` = 1 ) ORDER BY sort  [ RunTime:0.000864s ]
SQL: SHOW COLUMNS FROM `document` [ RunTime:0.001334s ]
SQL: SELECT `id`,`uid`,`name`,`title`,`category_id`,`description`,`root`,`pid`,`model_id`,`type`,`position`,`link_id`,`cover_id`,`display`,`deadline`,`attach`,`view`,`comment`,`extend`,`level`,`create_time`,`update_time`,`status` FROM `document` WHERE ( `status` = 1 ) AND ( `pid` = 0 ) AND ( `create_time` < 1473069002 ) AND ( deadline = 0 OR deadline > 1473069002 ) ORDER BY `id` DESC  [ RunTime:0.000817s ]
INFO: [ view_parse ] --START--
INFO: [ template_filter ] --START--
INFO: Run Behavior\ContentReplace [ RunTime:0.000204s ]
INFO: [ template_filter ] --END-- [ RunTime:0.000437s ]
SQL: SHOW COLUMNS FROM `channel` [ RunTime:0.001289s ]
SQL: SELECT `id`,`pid`,`title`,`url`,`sort`,`create_time`,`update_time`,`status`,`target` FROM `channel` WHERE ( status=1 ) ORDER BY sort  [ RunTime:0.000609s ]
NOTIC: [8] Undefined index: id E:\thinktec\wamp64\www\tk\Runtime\Cache\Home\769e70f2e46f34ceb60619bbda5e4691.php 第 83 行.
SQL: SELECT `id`,`name`,`pid`,`title`,`link_id` FROM `category` WHERE ( `status` = 1 ) ORDER BY sort  [ RunTime:0.000549s ]
NOTIC: [8] Undefined index: _ E:\thinktec\wamp64\www\tk\Application\Home\Widget\CategoryWidget.class.php 第 25 行.
INFO: [ view_parse ] --START--
INFO: [ template_filter ] --START--
INFO: Run Behavior\ContentReplace [ RunTime:0.000212s ]
INFO: [ template_filter ] --END-- [ RunTime:-0.029330s ]
INFO: Run Behavior\ParseTemplate [ RunTime:0.012809s ]
INFO: [ view_parse ] --END-- [ RunTime:0.013213s ]
INFO: [ view_filter ] --START--
INFO: Run Behavior\WriteHtmlCache [ RunTime:0.000591s ]
INFO: [ view_filter ] --END-- [ RunTime:0.001044s ]
NOTIC: [8] Undefined variable: article E:\thinktec\wamp64\www\tk\Runtime\Cache\Home\769e70f2e46f34ceb60619bbda5e4691.php 第 88 行.
INFO: Run Behavior\ParseTemplate [ RunTime:0.015652s ]
INFO: [ view_parse ] --END-- [ RunTime:0.013213s ]
INFO: [ view_filter ] --START--
INFO: Run Behavior\WriteHtmlCache [ RunTime:0.000055s ]
INFO: [ view_filter ] --END-- [ RunTime:-0.001703s ]
INFO: [ app_end ] --START--
INFO: Run Behavior\ShowPageTrace [ RunTime:0.001220s ]
INFO: [ app_end ] --END-- [ RunTime:0.001646s ]

[ 2016-09-05T17:50:17+08:00 ] 192.168.1.121 /tk/index.php
SQL: SHOW COLUMNS FROM `category` [ RunTime:0.001496s ]
SQL: SELECT `id`,`name`,`title`,`pid`,`sort`,`list_row`,`meta_title`,`keywords`,`description`,`template_index`,`template_lists`,`template_detail`,`template_edit`,`model`,`type`,`link_id`,`allow_publish`,`display`,`reply`,`check`,`reply_model`,`extend`,`create_time`,`update_time`,`status`,`icon` FROM `category` WHERE ( `status` = 1 ) ORDER BY sort  [ RunTime:0.000826s ]
SQL: SHOW COLUMNS FROM `document` [ RunTime:0.001495s ]
SQL: SELECT `id`,`uid`,`name`,`title`,`category_id`,`description`,`root`,`pid`,`model_id`,`type`,`position`,`link_id`,`cover_id`,`display`,`deadline`,`attach`,`view`,`comment`,`extend`,`level`,`create_time`,`update_time`,`status` FROM `document` WHERE ( `status` = 1 ) AND ( `pid` = 0 ) AND ( `create_time` < 1473069017 ) AND ( deadline = 0 OR deadline > 1473069017 ) ORDER BY `id` DESC  [ RunTime:0.000764s ]
INFO: [ view_parse ] --START--
INFO: [ template_filter ] --START--
INFO: Run Behavior\ContentReplace [ RunTime:0.000353s ]
INFO: [ template_filter ] --END-- [ RunTime:0.000979s ]
SQL: SHOW COLUMNS FROM `channel` [ RunTime:0.001260s ]
SQL: SELECT `id`,`pid`,`title`,`url`,`sort`,`create_time`,`update_time`,`status`,`target` FROM `channel` WHERE ( status=1 ) ORDER BY sort  [ RunTime:0.000735s ]
NOTIC: [8] Undefined index: id E:\thinktec\wamp64\www\tk\Runtime\Cache\Home\769e70f2e46f34ceb60619bbda5e4691.php 第 83 行.
SQL: SELECT `id`,`name`,`pid`,`title`,`link_id` FROM `category` WHERE ( `status` = 1 ) ORDER BY sort  [ RunTime:0.000690s ]
NOTIC: [8] Undefined index: _ E:\thinktec\wamp64\www\tk\Application\Home\Widget\CategoryWidget.class.php 第 25 行.
INFO: [ view_parse ] --START--
INFO: [ template_filter ] --START--
INFO: Run Behavior\ContentReplace [ RunTime:0.000242s ]
INFO: [ template_filter ] --END-- [ RunTime:-0.029695s ]
INFO: Run Behavior\ParseTemplate [ RunTime:0.014823s ]
INFO: [ view_parse ] --END-- [ RunTime:0.015344s ]
INFO: [ view_filter ] --START--
INFO: Run Behavior\WriteHtmlCache [ RunTime:0.000574s ]
INFO: [ view_filter ] --END-- [ RunTime:0.001002s ]
NOTIC: [8] Undefined variable: article E:\thinktec\wamp64\www\tk\Runtime\Cache\Home\769e70f2e46f34ceb60619bbda5e4691.php 第 88 行.
INFO: Run Behavior\ParseTemplate [ RunTime:0.017710s ]
INFO: [ view_parse ] --END-- [ RunTime:0.015344s ]
INFO: [ view_filter ] --START--
INFO: Run Behavior\WriteHtmlCache [ RunTime:0.000090s ]
INFO: [ view_filter ] --END-- [ RunTime:-0.001872s ]
INFO: [ app_end ] --START--
INFO: Run Behavior\ShowPageTrace [ RunTime:0.001321s ]
INFO: [ app_end ] --END-- [ RunTime:0.001776s ]

[ 2016-09-05T17:50:18+08:00 ] 192.168.1.121 /tk/index.php
SQL: SHOW COLUMNS FROM `category` [ RunTime:0.001730s ]
SQL: SELECT `id`,`name`,`title`,`pid`,`sort`,`list_row`,`meta_title`,`keywords`,`description`,`template_index`,`template_lists`,`template_detail`,`template_edit`,`model`,`type`,`link_id`,`allow_publish`,`display`,`reply`,`check`,`reply_model`,`extend`,`create_time`,`update_time`,`status`,`icon` FROM `category` WHERE ( `status` = 1 ) ORDER BY sort  [ RunTime:0.001297s ]
SQL: SHOW COLUMNS FROM `document` [ RunTime:0.001565s ]
SQL: SELECT `id`,`uid`,`name`,`title`,`category_id`,`description`,`root`,`pid`,`model_id`,`type`,`position`,`link_id`,`cover_id`,`display`,`deadline`,`attach`,`view`,`comment`,`extend`,`level`,`create_time`,`update_time`,`status` FROM `document` WHERE ( `status` = 1 ) AND ( `pid` = 0 ) AND ( `create_time` < 1473069018 ) AND ( deadline = 0 OR deadline > 1473069018 ) ORDER BY `id` DESC  [ RunTime:0.000975s ]
INFO: [ view_parse ] --START--
INFO: [ template_filter ] --START--
INFO: Run Behavior\ContentReplace [ RunTime:0.000315s ]
INFO: [ template_filter ] --END-- [ RunTime:0.000775s ]
SQL: SHOW COLUMNS FROM `channel` [ RunTime:0.001487s ]
SQL: SELECT `id`,`pid`,`title`,`url`,`sort`,`create_time`,`update_time`,`status`,`target` FROM `channel` WHERE ( status=1 ) ORDER BY sort  [ RunTime:0.000777s ]
NOTIC: [8] Undefined index: id E:\thinktec\wamp64\www\tk\Runtime\Cache\Home\769e70f2e46f34ceb60619bbda5e4691.php 第 83 行.
SQL: SELECT `id`,`name`,`pid`,`title`,`link_id` FROM `category` WHERE ( `status` = 1 ) ORDER BY sort  [ RunTime:0.000741s ]
NOTIC: [8] Undefined index: _ E:\thinktec\wamp64\www\tk\Application\Home\Widget\CategoryWidget.class.php 第 25 行.
INFO: [ view_parse ] --START--
INFO: [ template_filter ] --START--
INFO: Run Behavior\ContentReplace [ RunTime:0.000203s ]
INFO: [ template_filter ] --END-- [ RunTime:-0.030630s ]
INFO: Run Behavior\ParseTemplate [ RunTime:0.015332s ]
INFO: [ view_parse ] --END-- [ RunTime:0.015803s ]
INFO: [ view_filter ] --START--
INFO: Run Behavior\WriteHtmlCache [ RunTime:0.000511s ]
INFO: [ view_filter ] --END-- [ RunTime:0.000960s ]
NOTIC: [8] Undefined variable: article E:\thinktec\wamp64\www\tk\Runtime\Cache\Home\769e70f2e46f34ceb60619bbda5e4691.php 第 88 行.
INFO: Run Behavior\ParseTemplate [ RunTime:0.018177s ]
INFO: [ view_parse ] --END-- [ RunTime:0.015803s ]
INFO: [ view_filter ] --START--
INFO: Run Behavior\WriteHtmlCache [ RunTime:0.000102s ]
INFO: [ view_filter ] --END-- [ RunTime:-0.001869s ]
INFO: [ app_end ] --START--
INFO: Run Behavior\ShowPageTrace [ RunTime:0.001245s ]
INFO: [ app_end ] --END-- [ RunTime:0.001711s ]

